Determining if the pthread_create exist failed with the following output:
Change Dir: /home/a27stude/Documents/Clionprojects/CodingDojo/cmake-build-debug/CMakeFiles/CMakeTmp

Run Build Command:"/usr/bin/make" "cmTC_8a73c/fast"
make[1]: Entering directory '/home/a27stude/Documents/Clionprojects/CodingDojo/cmake-build-debug/CMakeFiles/CMakeTmp'
/usr/bin/make -f CMakeFiles/cmTC_8a73c.dir/build.make CMakeFiles/cmTC_8a73c.dir/build
make[2]: Entering directory '/home/a27stude/Documents/Clionprojects/CodingDojo/cmake-build-debug/CMakeFiles/CMakeTmp'
Building C object CMakeFiles/cmTC_8a73c.dir/CheckSymbolExists.c.o
/usr/bin/cc    -o CMakeFiles/cmTC_8a73c.dir/CheckSymbolExists.c.o   -c /home/a27stude/Documents/Clionprojects/CodingDojo/cmake-build-debug/CMakeFiles/CMakeTmp/CheckSymbolExists.c
Linking C executable cmTC_8a73c
/opt/clion-2018.3.4/bin/cmake/linux/bin/cmake -E cmake_link_script CMakeFiles/cmTC_8a73c.dir/link.txt --verbose=1
/usr/bin/cc      CMakeFiles/cmTC_8a73c.dir/CheckSymbolExists.c.o  -o cmTC_8a73c 
CMakeFiles/cmTC_8a73c.dir/CheckSymbolExists.c.o: In function `main':
CheckSymbolExists.c:(.text+0x1b): undefined reference to `pthread_create'
collect2: error: ld returned 1 exit status
CMakeFiles/cmTC_8a73c.dir/build.make:86: recipe for target 'cmTC_8a73c' failed
make[2]: *** [cmTC_8a73c] Error 1
make[2]: Leaving directory '/home/a27stude/Documents/Clionprojects/CodingDojo/cmake-build-debug/CMakeFiles/CMakeTmp'
Makefile:121: recipe for target 'cmTC_8a73c/fast' failed
make[1]: *** [cmTC_8a73c/fast] Error 2
make[1]: Leaving directory '/home/a27stude/Documents/Clionprojects/CodingDojo/cmake-build-debug/CMakeFiles/CMakeTmp'

File /home/a27stude/Documents/Clionprojects/CodingDojo/cmake-build-debug/CMakeFiles/CMakeTmp/CheckSymbolExists.c:
/* */
#include <pthread.h>

int main(int argc, char** argv)
{
  (void)argv;
#ifndef pthread_create
  return ((int*)(&pthread_create))[argc];
#else
  (void)argc;
  return 0;
#endif
}

Determining if the function pthread_create exists in the pthreads failed with the following output:
Change Dir: /home/a27stude/Documents/Clionprojects/CodingDojo/cmake-build-debug/CMakeFiles/CMakeTmp

Run Build Command:"/usr/bin/make" "cmTC_cbc57/fast"
make[1]: Entering directory '/home/a27stude/Documents/Clionprojects/CodingDojo/cmake-build-debug/CMakeFiles/CMakeTmp'
/usr/bin/make -f CMakeFiles/cmTC_cbc57.dir/build.make CMakeFiles/cmTC_cbc57.dir/build
make[2]: Entering directory '/home/a27stude/Documents/Clionprojects/CodingDojo/cmake-build-debug/CMakeFiles/CMakeTmp'
Building C object CMakeFiles/cmTC_cbc57.dir/CheckFunctionExists.c.o
/usr/bin/cc   -DCHECK_FUNCTION_EXISTS=pthread_create   -o CMakeFiles/cmTC_cbc57.dir/CheckFunctionExists.c.o   -c /opt/clion-2018.3.4/bin/cmake/linux/share/cmake-3.13/Modules/CheckFunctionExists.c
Linking C executable cmTC_cbc57
/opt/clion-2018.3.4/bin/cmake/linux/bin/cmake -E cmake_link_script CMakeFiles/cmTC_cbc57.dir/link.txt --verbose=1
/usr/bin/cc  -DCHECK_FUNCTION_EXISTS=pthread_create    CMakeFiles/cmTC_cbc57.dir/CheckFunctionExists.c.o  -o cmTC_cbc57 -lpthreads 
/usr/bin/ld: cannot find -lpthreads
collect2: error: ld returned 1 exit status
CMakeFiles/cmTC_cbc57.dir/build.make:86: recipe for target 'cmTC_cbc57' failed
make[2]: *** [cmTC_cbc57] Error 1
make[2]: Leaving directory '/home/a27stude/Documents/Clionprojects/CodingDojo/cmake-build-debug/CMakeFiles/CMakeTmp'
Makefile:121: recipe for target 'cmTC_cbc57/fast' failed
make[1]: *** [cmTC_cbc57/fast] Error 2
make[1]: Leaving directory '/home/a27stude/Documents/Clionprojects/CodingDojo/cmake-build-debug/CMakeFiles/CMakeTmp'


